Using pre-set license
Built from '2020.3/staging' branch; Version is '2020.3.11f1 (99c7afb366b3) revision 10078127'; Using compiler version '192528614'; Build Type 'Release'
OS: 'Windows 10 Home; OS build 19042.1165; Version 2009; 64bit' Language: 'ru' Physical Memory: 24463 MB
BatchMode: 1, IsHumanControllingUs: 0, StartBugReporterOnCrash: 0, Is64bit: 1, IsPro: 0

 COMMAND LINE ARGUMENTS:
D:\Unity\2020.3.11f1\Editor\Unity.exe
-adb2
-batchMode
-noUpm
-name
AssetImportWorker0
-projectPath
D:/Unity Projects/Unity2D/Laser Defender
-logFile
Logs/AssetImportWorker0.log
-srvPort
55385
Successfully changed project path to: D:/Unity Projects/Unity2D/Laser Defender
D:/Unity Projects/Unity2D/Laser Defender
Using Asset Import Pipeline V2.
Refreshing native plugins compatible for Editor in 54.50 ms, found 3 plugins.
Preloading 0 native plugins for Editor in 0.00 ms.
Initialize engine version: 2020.3.11f1 (99c7afb366b3)
[Subsystems] Discovering subsystems at path D:/Unity/2020.3.11f1/Editor/Data/Resources/UnitySubsystems
[Subsystems] Discovering subsystems at path D:/Unity Projects/Unity2D/Laser Defender/Assets
GfxDevice: creating device client; threaded=0
Direct3D:
    Version:  Direct3D 11.0 [level 11.1]
    Renderer: NVIDIA GeForce GTX 1080 (ID=0x1b80)
    Vendor:   
    VRAM:     8079 MB
    Driver:   30.0.14.7141
Initialize mono
Mono path[0] = 'D:/Unity/2020.3.11f1/Editor/Data/Managed'
Mono path[1] = 'D:/Unity/2020.3.11f1/Editor/Data/MonoBleedingEdge/lib/mono/unityjit'
Mono config path = 'D:/Unity/2020.3.11f1/Editor/Data/MonoBleedingEdge/etc'
Using monoOptions --debugger-agent=transport=dt_socket,embedding=1,server=y,suspend=n,address=127.0.0.1:56524
Begin MonoManager ReloadAssembly
Registering precompiled unity dll's ...
Register platform support module: D:/Unity/2020.3.11f1/Editor/Data/PlaybackEngines/WindowsStandaloneSupport/UnityEditor.WindowsStandalone.Extensions.dll
Registered in 0.007482 seconds.
Native extension for WindowsStandalone target not found
Refreshing native plugins compatible for Editor in 51.94 ms, found 3 plugins.
Preloading 0 native plugins for Editor in 0.00 ms.
Mono: successfully reloaded assembly
- Completed reload, in  1.837 seconds
Platform modules already initialized, skipping
Registering precompiled user dll's ...
Registered in 0.011668 seconds.
Begin MonoManager ReloadAssembly
Native extension for WindowsStandalone target not found
Refreshing native plugins compatible for Editor in 60.32 ms, found 3 plugins.
Preloading 0 native plugins for Editor in 0.00 ms.
Mono: successfully reloaded assembly
- Completed reload, in  1.871 seconds
Platform modules already initialized, skipping
========================================================================
Worker process is ready to serve import requests
Launched and connected shader compiler UnityShaderCompiler.exe after 0.06 seconds
Refreshing native plugins compatible for Editor in 0.53 ms, found 3 plugins.
Preloading 0 native plugins for Editor in 0.00 ms.
Unloading 2105 Unused Serialized files (Serialized files now loaded: 0)
System memory in use before: 95.7 MB.
System memory in use after: 95.7 MB.

Unloading 32 unused Assets to reduce memory usage. Loaded Objects now: 2544.
Total: 2.749200 ms (FindLiveObjects: 0.205800 ms CreateObjectMapping: 0.086500 ms MarkObjects: 2.315500 ms  DeleteObjects: 0.139800 ms)

========================================================================
Received Import Request.
  path: Assets/Scripts/Enemy.cs
  artifactKey: Guid(448c82719096d30478d20f6d4136ecd0) Importer(815301076,1909f56bfc062723c751e8b465ee728b)
Start importing Assets/Scripts/Enemy.cs using Guid(448c82719096d30478d20f6d4136ecd0) Importer(815301076,1909f56bfc062723c751e8b465ee728b)  -> (artifact id: '694afe03565d9e9da8ed272d59336aac') in 0.057684 seconds
  Import took 0.075347 seconds .

========================================================================
Received Import Request.
  Time since last request: 259.813196 seconds.
  path: Assets/Prefabs/Enemy.prefab
  artifactKey: Guid(c784a031f8265bc41a9c0ee11cf830b8) Importer(815301076,1909f56bfc062723c751e8b465ee728b)
Start importing Assets/Prefabs/Enemy.prefab using Guid(c784a031f8265bc41a9c0ee11cf830b8) Importer(815301076,1909f56bfc062723c751e8b465ee728b)  -> (artifact id: '109f65d41dd079432e05f04a79c6b4d7') in 0.110754 seconds
  Import took 0.115343 seconds .

AssetImportWorkerClient::OnTransportError - code=2 error=End of file
